<?xml version="1.0" encoding="UTF-8"?>
<!-- Generated by org.testng.reporters.JUnitReportReporter -->
<testsuite hostname="Krishi-PC" failures="0" tests="1" name="moduleTest.LoginPage" time="8.438" errors="0" timestamp="2022-06-21T18:34:40 IST" skipped="0">
  <testcase classname="moduleTest.LoginPage" name="LogIn" time="8.438"/>
  <system-out/>
</testsuite> <!-- moduleTest.LoginPage -->
